<?xml version="1.0" encoding="UTF-8"?>
<!-- Generated by org.testng.reporters.JUnitReportReporter -->
<testsuite hostname="DESKTOP-KDJOCCQ" failures="0" tests="1" name="pkg.sitedata" time="2.717" errors="0" timestamp="2023-08-21T12:54:34 IST" skipped="0">
  <testcase classname="pkg.sitedata" name="test1" time="2.717"/>
  <system-out/>
</testsuite> <!-- pkg.sitedata -->
